<?xml version="1.0" encoding="UTF-8"?>
<testsuite xmlns:xsi="http://www.w3.org/2001/XMLSchema-instance" xsi:noNamespaceSchemaLocation="https://maven.apache.org/surefire/maven-surefire-plugin/xsd/surefire-test-report.xsd" name="functions.EmployeeFunctionTests" time="0" tests="4" errors="0" skipped="0" failures="0">
  <properties>
    <property name="gopherProxySet" value="false"/>
    <property name="awt.toolkit" value="sun.lwawt.macosx.LWCToolkit"/>
    <property name="file.encoding.pkg" value="sun.io"/>
    <property name="java.specification.version" value="1.8"/>
    <property name="sun.cpu.isalist" value=""/>
    <property name="sun.jnu.encoding" value="UTF-8"/>
    <property name="java.class.path" value="/backup/S_N/cloud/aws/workspace/lambda_with_java8_functions/target/test-classes:/backup/S_N/cloud/aws/workspace/lambda_with_java8_functions/target/classes:/Users/ankur/.m2/repository/com/fasterxml/jackson/datatype/jackson-datatype-jsr310/2.9.6/jackson-datatype-jsr310-2.9.6.jar:/Users/ankur/.m2/repository/com/fasterxml/jackson/core/jackson-annotations/2.11.3/jackson-annotations-2.11.3.jar:/Users/ankur/.m2/repository/com/fasterxml/jackson/core/jackson-core/2.11.3/jackson-core-2.11.3.jar:/Users/ankur/.m2/repository/com/fasterxml/jackson/core/jackson-databind/2.11.3/jackson-databind-2.11.3.jar:/Users/ankur/.m2/repository/org/springframework/boot/spring-boot-starter/2.4.1/spring-boot-starter-2.4.1.jar:/Users/ankur/.m2/repository/org/springframework/boot/spring-boot/2.4.1/spring-boot-2.4.1.jar:/Users/ankur/.m2/repository/org/springframework/spring-context/5.3.2/spring-context-5.3.2.jar:/Users/ankur/.m2/repository/org/springframework/spring-aop/5.3.2/spring-aop-5.3.2.jar:/Users/ankur/.m2/repository/org/springframework/spring-expression/5.3.2/spring-expression-5.3.2.jar:/Users/ankur/.m2/repository/org/springframework/boot/spring-boot-autoconfigure/2.4.1/spring-boot-autoconfigure-2.4.1.jar:/Users/ankur/.m2/repository/org/springframework/boot/spring-boot-starter-logging/2.4.1/spring-boot-starter-logging-2.4.1.jar:/Users/ankur/.m2/repository/ch/qos/logback/logback-classic/1.2.3/logback-classic-1.2.3.jar:/Users/ankur/.m2/repository/ch/qos/logback/logback-core/1.2.3/logback-core-1.2.3.jar:/Users/ankur/.m2/repository/org/apache/logging/log4j/log4j-to-slf4j/2.13.3/log4j-to-slf4j-2.13.3.jar:/Users/ankur/.m2/repository/org/apache/logging/log4j/log4j-api/2.13.3/log4j-api-2.13.3.jar:/Users/ankur/.m2/repository/org/slf4j/jul-to-slf4j/1.7.30/jul-to-slf4j-1.7.30.jar:/Users/ankur/.m2/repository/jakarta/annotation/jakarta.annotation-api/1.3.5/jakarta.annotation-api-1.3.5.jar:/Users/ankur/.m2/repository/org/springframework/spring-core/5.3.2/spring-core-5.3.2.jar:/Users/ankur/.m2/repository/org/springframework/spring-jcl/5.3.2/spring-jcl-5.3.2.jar:/Users/ankur/.m2/repository/org/yaml/snakeyaml/1.27/snakeyaml-1.27.jar:/Users/ankur/.m2/repository/org/springframework/boot/spring-boot-starter-actuator/2.4.1/spring-boot-starter-actuator-2.4.1.jar:/Users/ankur/.m2/repository/org/springframework/boot/spring-boot-actuator-autoconfigure/2.4.1/spring-boot-actuator-autoconfigure-2.4.1.jar:/Users/ankur/.m2/repository/org/springframework/boot/spring-boot-actuator/2.4.1/spring-boot-actuator-2.4.1.jar:/Users/ankur/.m2/repository/io/micrometer/micrometer-core/1.6.2/micrometer-core-1.6.2.jar:/Users/ankur/.m2/repository/org/hdrhistogram/HdrHistogram/2.1.12/HdrHistogram-2.1.12.jar:/Users/ankur/.m2/repository/org/latencyutils/LatencyUtils/2.0.3/LatencyUtils-2.0.3.jar:/Users/ankur/.m2/repository/org/springframework/boot/spring-boot-devtools/2.4.1/spring-boot-devtools-2.4.1.jar:/Users/ankur/.m2/repository/org/springframework/boot/spring-boot-starter-test/2.4.1/spring-boot-starter-test-2.4.1.jar:/Users/ankur/.m2/repository/org/springframework/boot/spring-boot-test/2.4.1/spring-boot-test-2.4.1.jar:/Users/ankur/.m2/repository/org/springframework/boot/spring-boot-test-autoconfigure/2.4.1/spring-boot-test-autoconfigure-2.4.1.jar:/Users/ankur/.m2/repository/com/jayway/jsonpath/json-path/2.4.0/json-path-2.4.0.jar:/Users/ankur/.m2/repository/net/minidev/json-smart/2.3/json-smart-2.3.jar:/Users/ankur/.m2/repository/net/minidev/accessors-smart/1.2/accessors-smart-1.2.jar:/Users/ankur/.m2/repository/org/ow2/asm/asm/5.0.4/asm-5.0.4.jar:/Users/ankur/.m2/repository/org/slf4j/slf4j-api/1.7.30/slf4j-api-1.7.30.jar:/Users/ankur/.m2/repository/jakarta/xml/bind/jakarta.xml.bind-api/2.3.3/jakarta.xml.bind-api-2.3.3.jar:/Users/ankur/.m2/repository/jakarta/activation/jakarta.activation-api/1.2.2/jakarta.activation-api-1.2.2.jar:/Users/ankur/.m2/repository/org/assertj/assertj-core/3.18.1/assertj-core-3.18.1.jar:/Users/ankur/.m2/repository/org/hamcrest/hamcrest/2.2/hamcrest-2.2.jar:/Users/ankur/.m2/repository/org/junit/jupiter/junit-jupiter/5.5.2/junit-jupiter-5.5.2.jar:/Users/ankur/.m2/repository/org/junit/jupiter/junit-jupiter-params/5.5.2/junit-jupiter-params-5.5.2.jar:/Users/ankur/.m2/repository/org/mockito/mockito-core/3.6.28/mockito-core-3.6.28.jar:/Users/ankur/.m2/repository/net/bytebuddy/byte-buddy/1.10.18/byte-buddy-1.10.18.jar:/Users/ankur/.m2/repository/net/bytebuddy/byte-buddy-agent/1.10.18/byte-buddy-agent-1.10.18.jar:/Users/ankur/.m2/repository/org/objenesis/objenesis/3.1/objenesis-3.1.jar:/Users/ankur/.m2/repository/org/mockito/mockito-junit-jupiter/3.6.28/mockito-junit-jupiter-3.6.28.jar:/Users/ankur/.m2/repository/org/skyscreamer/jsonassert/1.5.0/jsonassert-1.5.0.jar:/Users/ankur/.m2/repository/com/vaadin/external/google/android-json/0.0.20131108.vaadin1/android-json-0.0.20131108.vaadin1.jar:/Users/ankur/.m2/repository/org/springframework/spring-test/5.3.2/spring-test-5.3.2.jar:/Users/ankur/.m2/repository/org/xmlunit/xmlunit-core/2.7.0/xmlunit-core-2.7.0.jar:/Users/ankur/.m2/repository/org/springframework/cloud/spring-cloud-function-adapter-aws/3.1.0/spring-cloud-function-adapter-aws-3.1.0.jar:/Users/ankur/.m2/repository/org/springframework/cloud/spring-cloud-function-context/3.0.8.RELEASE/spring-cloud-function-context-3.0.8.RELEASE.jar:/Users/ankur/.m2/repository/net/jodah/typetools/0.6.2/typetools-0.6.2.jar:/Users/ankur/.m2/repository/org/springframework/cloud/spring-cloud-function-core/3.0.8.RELEASE/spring-cloud-function-core-3.0.8.RELEASE.jar:/Users/ankur/.m2/repository/org/springframework/spring-messaging/5.3.2/spring-messaging-5.3.2.jar:/Users/ankur/.m2/repository/org/springframework/spring-web/5.3.2/spring-web-5.3.2.jar:/Users/ankur/.m2/repository/org/springframework/spring-beans/5.3.2/spring-beans-5.3.2.jar:/Users/ankur/.m2/repository/com/fasterxml/jackson/datatype/jackson-datatype-joda/2.11.3/jackson-datatype-joda-2.11.3.jar:/Users/ankur/.m2/repository/io/projectreactor/reactor-core/3.4.1/reactor-core-3.4.1.jar:/Users/ankur/.m2/repository/org/reactivestreams/reactive-streams/1.0.3/reactive-streams-1.0.3.jar:/Users/ankur/.m2/repository/com/amazonaws/aws-lambda-java-events/3.7.0/aws-lambda-java-events-3.7.0.jar:/Users/ankur/.m2/repository/joda-time/joda-time/2.6/joda-time-2.6.jar:/Users/ankur/.m2/repository/com/amazonaws/aws-lambda-java-core/1.2.1/aws-lambda-java-core-1.2.1.jar:/Users/ankur/.m2/repository/org/apache/maven/plugins/maven-assembly-plugin/3.3.0/maven-assembly-plugin-3.3.0.jar:/Users/ankur/.m2/repository/org/apache/maven/maven-plugin-api/3.0/maven-plugin-api-3.0.jar:/Users/ankur/.m2/repository/org/sonatype/sisu/sisu-inject-plexus/1.4.2/sisu-inject-plexus-1.4.2.jar:/Users/ankur/.m2/repository/org/sonatype/sisu/sisu-inject-bean/1.4.2/sisu-inject-bean-1.4.2.jar:/Users/ankur/.m2/repository/org/sonatype/sisu/sisu-guice/2.1.7/sisu-guice-2.1.7-noaop.jar:/Users/ankur/.m2/repository/org/apache/maven/maven-core/3.0/maven-core-3.0.jar:/Users/ankur/.m2/repository/org/apache/maven/maven-settings/3.0/maven-settings-3.0.jar:/Users/ankur/.m2/repository/org/apache/maven/maven-settings-builder/3.0/maven-settings-builder-3.0.jar:/Users/ankur/.m2/repository/org/apache/maven/maven-repository-metadata/3.0/maven-repository-metadata-3.0.jar:/Users/ankur/.m2/repository/org/apache/maven/maven-model-builder/3.0/maven-model-builder-3.0.jar:/Users/ankur/.m2/repository/org/apache/maven/maven-aether-provider/3.0/maven-aether-provider-3.0.jar:/Users/ankur/.m2/repository/org/sonatype/aether/aether-impl/1.7/aether-impl-1.7.jar:/Users/ankur/.m2/repository/org/sonatype/aether/aether-spi/1.7/aether-spi-1.7.jar:/Users/ankur/.m2/repository/org/sonatype/aether/aether-api/1.7/aether-api-1.7.jar:/Users/ankur/.m2/repository/org/sonatype/aether/aether-util/1.7/aether-util-1.7.jar:/Users/ankur/.m2/repository/org/codehaus/plexus/plexus-classworlds/2.2.3/plexus-classworlds-2.2.3.jar:/Users/ankur/.m2/repository/org/codehaus/plexus/plexus-component-annotations/1.5.5/plexus-component-annotations-1.5.5.jar:/Users/ankur/.m2/repository/org/sonatype/plexus/plexus-sec-dispatcher/1.3/plexus-sec-dispatcher-1.3.jar:/Users/ankur/.m2/repository/org/sonatype/plexus/plexus-cipher/1.4/plexus-cipher-1.4.jar:/Users/ankur/.m2/repository/org/apache/maven/maven-artifact/3.0/maven-artifact-3.0.jar:/Users/ankur/.m2/repository/org/apache/maven/maven-model/3.0/maven-model-3.0.jar:/Users/ankur/.m2/repository/org/apache/maven/shared/maven-common-artifact-filters/3.1.0/maven-common-artifact-filters-3.1.0.jar:/Users/ankur/.m2/repository/org/apache/maven/shared/maven-shared-utils/3.1.0/maven-shared-utils-3.1.0.jar:/Users/ankur/.m2/repository/org/apache/maven/shared/maven-artifact-transfer/0.11.0/maven-artifact-transfer-0.11.0.jar:/Users/ankur/.m2/repository/org/codehaus/plexus/plexus-interpolation/1.25/plexus-interpolation-1.25.jar:/Users/ankur/.m2/repository/org/codehaus/plexus/plexus-archiver/4.2.1/plexus-archiver-4.2.1.jar:/Users/ankur/.m2/repository/org/apache/commons/commons-compress/1.19/commons-compress-1.19.jar:/Users/ankur/.m2/repository/org/iq80/snappy/snappy/0.4/snappy-0.4.jar:/Users/ankur/.m2/repository/org/tukaani/xz/1.8/xz-1.8.jar:/Users/ankur/.m2/repository/org/apache/maven/shared/file-management/3.0.0/file-management-3.0.0.jar:/Users/ankur/.m2/repository/org/apache/maven/shared/maven-shared-io/3.0.0/maven-shared-io-3.0.0.jar:/Users/ankur/.m2/repository/org/apache/maven/maven-compat/3.0/maven-compat-3.0.jar:/Users/ankur/.m2/repository/org/apache/maven/wagon/wagon-provider-api/2.10/wagon-provider-api-2.10.jar:/Users/ankur/.m2/repository/commons-io/commons-io/2.5/commons-io-2.5.jar:/Users/ankur/.m2/repository/org/apache/maven/shared/maven-filtering/3.1.1/maven-filtering-3.1.1.jar:/Users/ankur/.m2/repository/org/sonatype/plexus/plexus-build-api/0.0.7/plexus-build-api-0.0.7.jar:/Users/ankur/.m2/repository/org/codehaus/plexus/plexus-io/3.2.0/plexus-io-3.2.0.jar:/Users/ankur/.m2/repository/org/apache/maven/maven-archiver/3.5.0/maven-archiver-3.5.0.jar:/Users/ankur/.m2/repository/org/codehaus/plexus/plexus-utils/3.3.0/plexus-utils-3.3.0.jar:/Users/ankur/.m2/repository/commons-codec/commons-codec/1.15/commons-codec-1.15.jar:/Users/ankur/.m2/repository/org/springframework/cloud/spring-cloud-starter-function-web/1.0.1.RELEASE/spring-cloud-starter-function-web-1.0.1.RELEASE.jar:/Users/ankur/.m2/repository/org/springframework/cloud/spring-cloud-function-web/3.0.8.RELEASE/spring-cloud-function-web-3.0.8.RELEASE.jar:/Users/ankur/.m2/repository/org/springframework/boot/spring-boot-starter-web/2.4.1/spring-boot-starter-web-2.4.1.jar:/Users/ankur/.m2/repository/org/springframework/boot/spring-boot-starter-json/2.4.1/spring-boot-starter-json-2.4.1.jar:/Users/ankur/.m2/repository/com/fasterxml/jackson/datatype/jackson-datatype-jdk8/2.11.3/jackson-datatype-jdk8-2.11.3.jar:/Users/ankur/.m2/repository/com/fasterxml/jackson/module/jackson-module-parameter-names/2.11.3/jackson-module-parameter-names-2.11.3.jar:/Users/ankur/.m2/repository/org/springframework/boot/spring-boot-starter-tomcat/2.4.1/spring-boot-starter-tomcat-2.4.1.jar:/Users/ankur/.m2/repository/org/apache/tomcat/embed/tomcat-embed-core/9.0.41/tomcat-embed-core-9.0.41.jar:/Users/ankur/.m2/repository/org/glassfish/jakarta.el/3.0.3/jakarta.el-3.0.3.jar:/Users/ankur/.m2/repository/org/apache/tomcat/embed/tomcat-embed-websocket/9.0.41/tomcat-embed-websocket-9.0.41.jar:/Users/ankur/.m2/repository/org/springframework/spring-webmvc/5.3.2/spring-webmvc-5.3.2.jar:/Users/ankur/.m2/repository/org/junit/jupiter/junit-jupiter-engine/5.5.2/junit-jupiter-engine-5.5.2.jar:/Users/ankur/.m2/repository/org/apiguardian/apiguardian-api/1.1.0/apiguardian-api-1.1.0.jar:/Users/ankur/.m2/repository/org/junit/platform/junit-platform-engine/1.5.2/junit-platform-engine-1.5.2.jar:/Users/ankur/.m2/repository/org/opentest4j/opentest4j/1.2.0/opentest4j-1.2.0.jar:/Users/ankur/.m2/repository/org/junit/platform/junit-platform-commons/1.5.2/junit-platform-commons-1.5.2.jar:/Users/ankur/.m2/repository/org/junit/jupiter/junit-jupiter-api/5.5.2/junit-jupiter-api-5.5.2.jar:/Users/ankur/.m2/repository/org/apache/commons/commons-lang3/3.11/commons-lang3-3.11.jar:"/>
    <property name="java.vm.vendor" value="Oracle Corporation"/>
    <property name="sun.arch.data.model" value="64"/>
    <property name="java.vendor.url" value="http://java.oracle.com/"/>
    <property name="user.timezone" value=""/>
    <property name="java.vm.specification.version" value="1.8"/>
    <property name="os.name" value="Mac OS X"/>
    <property name="user.country" value="US"/>
    <property name="sun.java.launcher" value="SUN_STANDARD"/>
    <property name="sun.boot.library.path" value="/Library/Java/JavaVirtualMachines/jdk1.8.0_231.jdk/Contents/Home/jre/lib"/>
    <property name="sun.java.command" value="/backup/S_N/cloud/aws/workspace/lambda_with_java8_functions/target/surefire/surefirebooter7525337985120894610.jar /backup/S_N/cloud/aws/workspace/lambda_with_java8_functions/target/surefire 2021-01-28T23-25-52_386-jvmRun1 surefire4493074742865369572tmp surefire_06190244933125138930tmp"/>
    <property name="http.nonProxyHosts" value="local|*.local|169.254/16|*.169.254/16"/>
    <property name="surefire.test.class.path" value="/backup/S_N/cloud/aws/workspace/lambda_with_java8_functions/target/test-classes:/backup/S_N/cloud/aws/workspace/lambda_with_java8_functions/target/classes:/Users/ankur/.m2/repository/com/fasterxml/jackson/datatype/jackson-datatype-jsr310/2.9.6/jackson-datatype-jsr310-2.9.6.jar:/Users/ankur/.m2/repository/com/fasterxml/jackson/core/jackson-annotations/2.11.3/jackson-annotations-2.11.3.jar:/Users/ankur/.m2/repository/com/fasterxml/jackson/core/jackson-core/2.11.3/jackson-core-2.11.3.jar:/Users/ankur/.m2/repository/com/fasterxml/jackson/core/jackson-databind/2.11.3/jackson-databind-2.11.3.jar:/Users/ankur/.m2/repository/org/springframework/boot/spring-boot-starter/2.4.1/spring-boot-starter-2.4.1.jar:/Users/ankur/.m2/repository/org/springframework/boot/spring-boot/2.4.1/spring-boot-2.4.1.jar:/Users/ankur/.m2/repository/org/springframework/spring-context/5.3.2/spring-context-5.3.2.jar:/Users/ankur/.m2/repository/org/springframework/spring-aop/5.3.2/spring-aop-5.3.2.jar:/Users/ankur/.m2/repository/org/springframework/spring-expression/5.3.2/spring-expression-5.3.2.jar:/Users/ankur/.m2/repository/org/springframework/boot/spring-boot-autoconfigure/2.4.1/spring-boot-autoconfigure-2.4.1.jar:/Users/ankur/.m2/repository/org/springframework/boot/spring-boot-starter-logging/2.4.1/spring-boot-starter-logging-2.4.1.jar:/Users/ankur/.m2/repository/ch/qos/logback/logback-classic/1.2.3/logback-classic-1.2.3.jar:/Users/ankur/.m2/repository/ch/qos/logback/logback-core/1.2.3/logback-core-1.2.3.jar:/Users/ankur/.m2/repository/org/apache/logging/log4j/log4j-to-slf4j/2.13.3/log4j-to-slf4j-2.13.3.jar:/Users/ankur/.m2/repository/org/apache/logging/log4j/log4j-api/2.13.3/log4j-api-2.13.3.jar:/Users/ankur/.m2/repository/org/slf4j/jul-to-slf4j/1.7.30/jul-to-slf4j-1.7.30.jar:/Users/ankur/.m2/repository/jakarta/annotation/jakarta.annotation-api/1.3.5/jakarta.annotation-api-1.3.5.jar:/Users/ankur/.m2/repository/org/springframework/spring-core/5.3.2/spring-core-5.3.2.jar:/Users/ankur/.m2/repository/org/springframework/spring-jcl/5.3.2/spring-jcl-5.3.2.jar:/Users/ankur/.m2/repository/org/yaml/snakeyaml/1.27/snakeyaml-1.27.jar:/Users/ankur/.m2/repository/org/springframework/boot/spring-boot-starter-actuator/2.4.1/spring-boot-starter-actuator-2.4.1.jar:/Users/ankur/.m2/repository/org/springframework/boot/spring-boot-actuator-autoconfigure/2.4.1/spring-boot-actuator-autoconfigure-2.4.1.jar:/Users/ankur/.m2/repository/org/springframework/boot/spring-boot-actuator/2.4.1/spring-boot-actuator-2.4.1.jar:/Users/ankur/.m2/repository/io/micrometer/micrometer-core/1.6.2/micrometer-core-1.6.2.jar:/Users/ankur/.m2/repository/org/hdrhistogram/HdrHistogram/2.1.12/HdrHistogram-2.1.12.jar:/Users/ankur/.m2/repository/org/latencyutils/LatencyUtils/2.0.3/LatencyUtils-2.0.3.jar:/Users/ankur/.m2/repository/org/springframework/boot/spring-boot-devtools/2.4.1/spring-boot-devtools-2.4.1.jar:/Users/ankur/.m2/repository/org/springframework/boot/spring-boot-starter-test/2.4.1/spring-boot-starter-test-2.4.1.jar:/Users/ankur/.m2/repository/org/springframework/boot/spring-boot-test/2.4.1/spring-boot-test-2.4.1.jar:/Users/ankur/.m2/repository/org/springframework/boot/spring-boot-test-autoconfigure/2.4.1/spring-boot-test-autoconfigure-2.4.1.jar:/Users/ankur/.m2/repository/com/jayway/jsonpath/json-path/2.4.0/json-path-2.4.0.jar:/Users/ankur/.m2/repository/net/minidev/json-smart/2.3/json-smart-2.3.jar:/Users/ankur/.m2/repository/net/minidev/accessors-smart/1.2/accessors-smart-1.2.jar:/Users/ankur/.m2/repository/org/ow2/asm/asm/5.0.4/asm-5.0.4.jar:/Users/ankur/.m2/repository/org/slf4j/slf4j-api/1.7.30/slf4j-api-1.7.30.jar:/Users/ankur/.m2/repository/jakarta/xml/bind/jakarta.xml.bind-api/2.3.3/jakarta.xml.bind-api-2.3.3.jar:/Users/ankur/.m2/repository/jakarta/activation/jakarta.activation-api/1.2.2/jakarta.activation-api-1.2.2.jar:/Users/ankur/.m2/repository/org/assertj/assertj-core/3.18.1/assertj-core-3.18.1.jar:/Users/ankur/.m2/repository/org/hamcrest/hamcrest/2.2/hamcrest-2.2.jar:/Users/ankur/.m2/repository/org/junit/jupiter/junit-jupiter/5.5.2/junit-jupiter-5.5.2.jar:/Users/ankur/.m2/repository/org/junit/jupiter/junit-jupiter-params/5.5.2/junit-jupiter-params-5.5.2.jar:/Users/ankur/.m2/repository/org/mockito/mockito-core/3.6.28/mockito-core-3.6.28.jar:/Users/ankur/.m2/repository/net/bytebuddy/byte-buddy/1.10.18/byte-buddy-1.10.18.jar:/Users/ankur/.m2/repository/net/bytebuddy/byte-buddy-agent/1.10.18/byte-buddy-agent-1.10.18.jar:/Users/ankur/.m2/repository/org/objenesis/objenesis/3.1/objenesis-3.1.jar:/Users/ankur/.m2/repository/org/mockito/mockito-junit-jupiter/3.6.28/mockito-junit-jupiter-3.6.28.jar:/Users/ankur/.m2/repository/org/skyscreamer/jsonassert/1.5.0/jsonassert-1.5.0.jar:/Users/ankur/.m2/repository/com/vaadin/external/google/android-json/0.0.20131108.vaadin1/android-json-0.0.20131108.vaadin1.jar:/Users/ankur/.m2/repository/org/springframework/spring-test/5.3.2/spring-test-5.3.2.jar:/Users/ankur/.m2/repository/org/xmlunit/xmlunit-core/2.7.0/xmlunit-core-2.7.0.jar:/Users/ankur/.m2/repository/org/springframework/cloud/spring-cloud-function-adapter-aws/3.1.0/spring-cloud-function-adapter-aws-3.1.0.jar:/Users/ankur/.m2/repository/org/springframework/cloud/spring-cloud-function-context/3.0.8.RELEASE/spring-cloud-function-context-3.0.8.RELEASE.jar:/Users/ankur/.m2/repository/net/jodah/typetools/0.6.2/typetools-0.6.2.jar:/Users/ankur/.m2/repository/org/springframework/cloud/spring-cloud-function-core/3.0.8.RELEASE/spring-cloud-function-core-3.0.8.RELEASE.jar:/Users/ankur/.m2/repository/org/springframework/spring-messaging/5.3.2/spring-messaging-5.3.2.jar:/Users/ankur/.m2/repository/org/springframework/spring-web/5.3.2/spring-web-5.3.2.jar:/Users/ankur/.m2/repository/org/springframework/spring-beans/5.3.2/spring-beans-5.3.2.jar:/Users/ankur/.m2/repository/com/fasterxml/jackson/datatype/jackson-datatype-joda/2.11.3/jackson-datatype-joda-2.11.3.jar:/Users/ankur/.m2/repository/io/projectreactor/reactor-core/3.4.1/reactor-core-3.4.1.jar:/Users/ankur/.m2/repository/org/reactivestreams/reactive-streams/1.0.3/reactive-streams-1.0.3.jar:/Users/ankur/.m2/repository/com/amazonaws/aws-lambda-java-events/3.7.0/aws-lambda-java-events-3.7.0.jar:/Users/ankur/.m2/repository/joda-time/joda-time/2.6/joda-time-2.6.jar:/Users/ankur/.m2/repository/com/amazonaws/aws-lambda-java-core/1.2.1/aws-lambda-java-core-1.2.1.jar:/Users/ankur/.m2/repository/org/apache/maven/plugins/maven-assembly-plugin/3.3.0/maven-assembly-plugin-3.3.0.jar:/Users/ankur/.m2/repository/org/apache/maven/maven-plugin-api/3.0/maven-plugin-api-3.0.jar:/Users/ankur/.m2/repository/org/sonatype/sisu/sisu-inject-plexus/1.4.2/sisu-inject-plexus-1.4.2.jar:/Users/ankur/.m2/repository/org/sonatype/sisu/sisu-inject-bean/1.4.2/sisu-inject-bean-1.4.2.jar:/Users/ankur/.m2/repository/org/sonatype/sisu/sisu-guice/2.1.7/sisu-guice-2.1.7-noaop.jar:/Users/ankur/.m2/repository/org/apache/maven/maven-core/3.0/maven-core-3.0.jar:/Users/ankur/.m2/repository/org/apache/maven/maven-settings/3.0/maven-settings-3.0.jar:/Users/ankur/.m2/repository/org/apache/maven/maven-settings-builder/3.0/maven-settings-builder-3.0.jar:/Users/ankur/.m2/repository/org/apache/maven/maven-repository-metadata/3.0/maven-repository-metadata-3.0.jar:/Users/ankur/.m2/repository/org/apache/maven/maven-model-builder/3.0/maven-model-builder-3.0.jar:/Users/ankur/.m2/repository/org/apache/maven/maven-aether-provider/3.0/maven-aether-provider-3.0.jar:/Users/ankur/.m2/repository/org/sonatype/aether/aether-impl/1.7/aether-impl-1.7.jar:/Users/ankur/.m2/repository/org/sonatype/aether/aether-spi/1.7/aether-spi-1.7.jar:/Users/ankur/.m2/repository/org/sonatype/aether/aether-api/1.7/aether-api-1.7.jar:/Users/ankur/.m2/repository/org/sonatype/aether/aether-util/1.7/aether-util-1.7.jar:/Users/ankur/.m2/repository/org/codehaus/plexus/plexus-classworlds/2.2.3/plexus-classworlds-2.2.3.jar:/Users/ankur/.m2/repository/org/codehaus/plexus/plexus-component-annotations/1.5.5/plexus-component-annotations-1.5.5.jar:/Users/ankur/.m2/repository/org/sonatype/plexus/plexus-sec-dispatcher/1.3/plexus-sec-dispatcher-1.3.jar:/Users/ankur/.m2/repository/org/sonatype/plexus/plexus-cipher/1.4/plexus-cipher-1.4.jar:/Users/ankur/.m2/repository/org/apache/maven/maven-artifact/3.0/maven-artifact-3.0.jar:/Users/ankur/.m2/repository/org/apache/maven/maven-model/3.0/maven-model-3.0.jar:/Users/ankur/.m2/repository/org/apache/maven/shared/maven-common-artifact-filters/3.1.0/maven-common-artifact-filters-3.1.0.jar:/Users/ankur/.m2/repository/org/apache/maven/shared/maven-shared-utils/3.1.0/maven-shared-utils-3.1.0.jar:/Users/ankur/.m2/repository/org/apache/maven/shared/maven-artifact-transfer/0.11.0/maven-artifact-transfer-0.11.0.jar:/Users/ankur/.m2/repository/org/codehaus/plexus/plexus-interpolation/1.25/plexus-interpolation-1.25.jar:/Users/ankur/.m2/repository/org/codehaus/plexus/plexus-archiver/4.2.1/plexus-archiver-4.2.1.jar:/Users/ankur/.m2/repository/org/apache/commons/commons-compress/1.19/commons-compress-1.19.jar:/Users/ankur/.m2/repository/org/iq80/snappy/snappy/0.4/snappy-0.4.jar:/Users/ankur/.m2/repository/org/tukaani/xz/1.8/xz-1.8.jar:/Users/ankur/.m2/repository/org/apache/maven/shared/file-management/3.0.0/file-management-3.0.0.jar:/Users/ankur/.m2/repository/org/apache/maven/shared/maven-shared-io/3.0.0/maven-shared-io-3.0.0.jar:/Users/ankur/.m2/repository/org/apache/maven/maven-compat/3.0/maven-compat-3.0.jar:/Users/ankur/.m2/repository/org/apache/maven/wagon/wagon-provider-api/2.10/wagon-provider-api-2.10.jar:/Users/ankur/.m2/repository/commons-io/commons-io/2.5/commons-io-2.5.jar:/Users/ankur/.m2/repository/org/apache/maven/shared/maven-filtering/3.1.1/maven-filtering-3.1.1.jar:/Users/ankur/.m2/repository/org/sonatype/plexus/plexus-build-api/0.0.7/plexus-build-api-0.0.7.jar:/Users/ankur/.m2/repository/org/codehaus/plexus/plexus-io/3.2.0/plexus-io-3.2.0.jar:/Users/ankur/.m2/repository/org/apache/maven/maven-archiver/3.5.0/maven-archiver-3.5.0.jar:/Users/ankur/.m2/repository/org/codehaus/plexus/plexus-utils/3.3.0/plexus-utils-3.3.0.jar:/Users/ankur/.m2/repository/commons-codec/commons-codec/1.15/commons-codec-1.15.jar:/Users/ankur/.m2/repository/org/springframework/cloud/spring-cloud-starter-function-web/1.0.1.RELEASE/spring-cloud-starter-function-web-1.0.1.RELEASE.jar:/Users/ankur/.m2/repository/org/springframework/cloud/spring-cloud-function-web/3.0.8.RELEASE/spring-cloud-function-web-3.0.8.RELEASE.jar:/Users/ankur/.m2/repository/org/springframework/boot/spring-boot-starter-web/2.4.1/spring-boot-starter-web-2.4.1.jar:/Users/ankur/.m2/repository/org/springframework/boot/spring-boot-starter-json/2.4.1/spring-boot-starter-json-2.4.1.jar:/Users/ankur/.m2/repository/com/fasterxml/jackson/datatype/jackson-datatype-jdk8/2.11.3/jackson-datatype-jdk8-2.11.3.jar:/Users/ankur/.m2/repository/com/fasterxml/jackson/module/jackson-module-parameter-names/2.11.3/jackson-module-parameter-names-2.11.3.jar:/Users/ankur/.m2/repository/org/springframework/boot/spring-boot-starter-tomcat/2.4.1/spring-boot-starter-tomcat-2.4.1.jar:/Users/ankur/.m2/repository/org/apache/tomcat/embed/tomcat-embed-core/9.0.41/tomcat-embed-core-9.0.41.jar:/Users/ankur/.m2/repository/org/glassfish/jakarta.el/3.0.3/jakarta.el-3.0.3.jar:/Users/ankur/.m2/repository/org/apache/tomcat/embed/tomcat-embed-websocket/9.0.41/tomcat-embed-websocket-9.0.41.jar:/Users/ankur/.m2/repository/org/springframework/spring-webmvc/5.3.2/spring-webmvc-5.3.2.jar:/Users/ankur/.m2/repository/org/junit/jupiter/junit-jupiter-engine/5.5.2/junit-jupiter-engine-5.5.2.jar:/Users/ankur/.m2/repository/org/apiguardian/apiguardian-api/1.1.0/apiguardian-api-1.1.0.jar:/Users/ankur/.m2/repository/org/junit/platform/junit-platform-engine/1.5.2/junit-platform-engine-1.5.2.jar:/Users/ankur/.m2/repository/org/opentest4j/opentest4j/1.2.0/opentest4j-1.2.0.jar:/Users/ankur/.m2/repository/org/junit/platform/junit-platform-commons/1.5.2/junit-platform-commons-1.5.2.jar:/Users/ankur/.m2/repository/org/junit/jupiter/junit-jupiter-api/5.5.2/junit-jupiter-api-5.5.2.jar:/Users/ankur/.m2/repository/org/apache/commons/commons-lang3/3.11/commons-lang3-3.11.jar:"/>
    <property name="sun.cpu.endian" value="little"/>
    <property name="user.home" value="/Users/ankur"/>
    <property name="user.language" value="en"/>
    <property name="java.specification.vendor" value="Oracle Corporation"/>
    <property name="java.home" value="/Library/Java/JavaVirtualMachines/jdk1.8.0_231.jdk/Contents/Home/jre"/>
    <property name="basedir" value="/backup/S_N/cloud/aws/workspace/lambda_with_java8_functions"/>
    <property name="file.separator" value="/"/>
    <property name="line.separator" value="&#10;"/>
    <property name="java.vm.specification.vendor" value="Oracle Corporation"/>
    <property name="java.specification.name" value="Java Platform API Specification"/>
    <property name="java.awt.graphicsenv" value="sun.awt.CGraphicsEnvironment"/>
    <property name="surefire.real.class.path" value="/backup/S_N/cloud/aws/workspace/lambda_with_java8_functions/target/surefire/surefirebooter7525337985120894610.jar"/>
    <property name="sun.boot.class.path" value="/Library/Java/JavaVirtualMachines/jdk1.8.0_231.jdk/Contents/Home/jre/lib/resources.jar:/Library/Java/JavaVirtualMachines/jdk1.8.0_231.jdk/Contents/Home/jre/lib/rt.jar:/Library/Java/JavaVirtualMachines/jdk1.8.0_231.jdk/Contents/Home/jre/lib/sunrsasign.jar:/Library/Java/JavaVirtualMachines/jdk1.8.0_231.jdk/Contents/Home/jre/lib/jsse.jar:/Library/Java/JavaVirtualMachines/jdk1.8.0_231.jdk/Contents/Home/jre/lib/jce.jar:/Library/Java/JavaVirtualMachines/jdk1.8.0_231.jdk/Contents/Home/jre/lib/charsets.jar:/Library/Java/JavaVirtualMachines/jdk1.8.0_231.jdk/Contents/Home/jre/lib/jfr.jar:/Library/Java/JavaVirtualMachines/jdk1.8.0_231.jdk/Contents/Home/jre/classes"/>
    <property name="sun.management.compiler" value="HotSpot 64-Bit Tiered Compilers"/>
    <property name="ftp.nonProxyHosts" value="local|*.local|169.254/16|*.169.254/16"/>
    <property name="java.runtime.version" value="1.8.0_231-b11"/>
    <property name="user.name" value="ankur"/>
    <property name="path.separator" value=":"/>
    <property name="os.version" value="10.14.6"/>
    <property name="java.endorsed.dirs" value="/Library/Java/JavaVirtualMachines/jdk1.8.0_231.jdk/Contents/Home/jre/lib/endorsed"/>
    <property name="java.runtime.name" value="Java(TM) SE Runtime Environment"/>
    <property name="file.encoding" value="UTF-8"/>
    <property name="java.vm.name" value="Java HotSpot(TM) 64-Bit Server VM"/>
    <property name="localRepository" value="/Users/ankur/.m2/repository"/>
    <property name="java.vendor.url.bug" value="http://bugreport.sun.com/bugreport/"/>
    <property name="java.io.tmpdir" value="/var/folders/5g/9mzzx3h95hz8x90h1gvv6fdh0000gn/T/"/>
    <property name="idea.version" value="2020.3.1"/>
    <property name="java.version" value="1.8.0_231"/>
    <property name="user.dir" value="/backup/S_N/cloud/aws/workspace/lambda_with_java8_functions"/>
    <property name="os.arch" value="x86_64"/>
    <property name="java.vm.specification.name" value="Java Virtual Machine Specification"/>
    <property name="java.awt.printerjob" value="sun.lwawt.macosx.CPrinterJob"/>
    <property name="sun.os.patch.level" value="unknown"/>
    <property name="java.library.path" value="/Users/ankur/Library/Java/Extensions:/Library/Java/Extensions:/Network/Library/Java/Extensions:/System/Library/Java/Extensions:/usr/lib/java:."/>
    <property name="java.vm.info" value="mixed mode"/>
    <property name="java.vendor" value="Oracle Corporation"/>
    <property name="java.vm.version" value="25.231-b11"/>
    <property name="java.ext.dirs" value="/Users/ankur/Library/Java/Extensions:/Library/Java/JavaVirtualMachines/jdk1.8.0_231.jdk/Contents/Home/jre/lib/ext:/Library/Java/Extensions:/Network/Library/Java/Extensions:/System/Library/Java/Extensions:/usr/lib/java"/>
    <property name="sun.io.unicode.encoding" value="UnicodeBig"/>
    <property name="java.class.version" value="52.0"/>
    <property name="socksNonProxyHosts" value="local|*.local|169.254/16|*.169.254/16"/>
  </properties>
  <testcase name="remove" classname="functions.EmployeeFunctionTests" time="0"/>
  <testcase name="findById" classname="functions.EmployeeFunctionTests" time="0"/>
  <testcase name="add" classname="functions.EmployeeFunctionTests" time="0"/>
  <testcase name="all" classname="functions.EmployeeFunctionTests" time="0"/>
</testsuite>